[    0.000000] Linux version 4.15.0-212-generic (buildd@lcy02-amd64-083) (gcc version 7.5.0 (Ubuntu 7.5.0-3ubuntu1~18.04)) #223-Ubuntu SMP Tue May 23 13:09:22 UTC 2023 (Ubuntu 4.15.0-212.223-generic 4.15.18)
[    0.000000] Command line: BOOT_IMAGE=/boot/vmlinuz-4.15.0-212-generic root=LABEL=cloudimg-rootfs ro console=tty1 console=ttyS0
[    0.000000] KERNEL supported cpus:
[    0.000000]   Intel GenuineIntel
[    0.000000]   AMD AuthenticAMD
[    0.000000]   Centaur CentaurHauls
[    0.000000] x86/fpu: Supporting XSAVE feature 0x001: 'x87 floating point registers'
[    0.000000] x86/fpu: Supporting XSAVE feature 0x002: 'SSE registers'
[    0.000000] x86/fpu: Supporting XSAVE feature 0x004: 'AVX registers'
[    0.000000] x86/fpu: xstate_offset[2]:  576, xstate_sizes[2]:  256
[    0.000000] x86/fpu: Enabled xstate features 0x7, context size is 832 bytes, using 'standard' format.
[    0.000000] e820: BIOS-provided physical RAM map:
[    0.000000] BIOS-e820: [mem 0x0000000000000000-0x000000000009fbff] usable
[    0.000000] BIOS-e820: [mem 0x000000000009fc00-0x000000000009ffff] reserved
[    0.000000] BIOS-e820: [mem 0x00000000000f0000-0x00000000000fffff] reserved
[    0.000000] BIOS-e820: [mem 0x0000000000100000-0x000000003ffeffff] usable
[    0.000000] BIOS-e820: [mem 0x000000003fff0000-0x000000003fffffff] ACPI data
[    0.000000] BIOS-e820: [mem 0x00000000fec00000-0x00000000fec00fff] reserved
[    0.000000] BIOS-e820: [mem 0x00000000fee00000-0x00000000fee00fff] reserved
[    0.000000] BIOS-e820: [mem 0x00000000fffc0000-0x00000000ffffffff] reserved
[    0.000000] NX (Execute Disable) protection: active
[    0.000000] SMBIOS 2.5 present.
[    0.000000] DMI: innotek GmbH VirtualBox/VirtualBox, BIOS VirtualBox 12/01/2006
[    0.000000] Hypervisor detected: KVM
[    0.000000] e820: last_pfn = 0x3fff0 max_arch_pfn = 0x400000000
[    0.000000] x86/PAT: Configuration [0-7]: WB  WC  UC- UC  WB  WP  UC- WT  
[    0.000000] found SMP MP-table at [mem 0x0009fbf0-0x0009fbff]
[    0.000000] Scanning 1 areas for low memory corruption
[    0.000000] RAMDISK: [mem 0x359cb000-0x36cdcfff]
[    0.000000] ACPI: Early table checksum verification disabled
[    0.000000] ACPI: RSDP 0x00000000000E0000 000024 (v02 VBOX  )
[    0.000000] ACPI: XSDT 0x000000003FFF0030 00003C (v01 VBOX   VBOXXSDT 00000001 ASL  00000061)
[    0.000000] ACPI: FACP 0x000000003FFF00F0 0000F4 (v04 VBOX   VBOXFACP 00000001 ASL  00000061)
[    0.000000] ACPI: DSDT 0x000000003FFF0610 002353 (v02 VBOX   VBOXBIOS 00000002 INTL 20100528)
[    0.000000] ACPI: FACS 0x000000003FFF0200 000040
[    0.000000] ACPI: FACS 0x000000003FFF0200 000040
[    0.000000] ACPI: APIC 0x000000003FFF0240 00005C (v02 VBOX   VBOXAPIC 00000001 ASL  00000061)
[    0.000000] ACPI: SSDT 0x000000003FFF02A0 00036C (v01 VBOX   VBOXCPUT 00000002 INTL 20100528)
[    0.000000] ACPI: Reserving FACP table memory at [mem 0x3fff00f0-0x3fff01e3]
[    0.000000] ACPI: Reserving DSDT table memory at [mem 0x3fff0610-0x3fff2962]
[    0.000000] ACPI: Reserving FACS table memory at [mem 0x3fff0200-0x3fff023f]
[    0.000000] ACPI: Reserving FACS table memory at [mem 0x3fff0200-0x3fff023f]
[    0.000000] ACPI: Reserving APIC table memory at [mem 0x3fff0240-0x3fff029b]
[    0.000000] ACPI: Reserving SSDT table memory at [mem 0x3fff02a0-0x3fff060b]
[    0.000000] No NUMA configuration found
[    0.000000] Faking a node at [mem 0x0000000000000000-0x000000003ffeffff]
[    0.000000] NODE_DATA(0) allocated [mem 0x3ffc5000-0x3ffeffff]
[    0.000000] kvm-clock: cpu 0, msr 0:3ff44001, primary cpu clock
[    0.000000] kvm-clock: Using msrs 4b564d01 and 4b564d00
[    0.000000] kvm-clock: using sched offset of 3320225730 cycles
[    0.000000] clocksource: kvm-clock: mask: 0xffffffffffffffff max_cycles: 0x1cd42e4dffb, max_idle_ns: 881590591483 ns
[    0.000000] Zone ranges:
[    0.000000]   DMA      [mem 0x0000000000001000-0x0000000000ffffff]
[    0.000000]   DMA32    [mem 0x0000000001000000-0x000000003ffeffff]
[    0.000000]   Normal   empty
[    0.000000]   Device   empty
[    0.000000] Movable zone start for each node
[    0.000000] Early memory node ranges
[    0.000000]   node   0: [mem 0x0000000000001000-0x000000000009efff]
[    0.000000]   node   0: [mem 0x0000000000100000-0x000000003ffeffff]
[    0.000000] Reserved but unavailable: 104 pages
[    0.000000] Initmem setup node 0 [mem 0x0000000000001000-0x000000003ffeffff]
[    0.000000] ACPI: PM-Timer IO Port: 0x4008
[    0.000000] IOAPIC[0]: apic_id 2, version 32, address 0xfec00000, GSI 0-23
[    0.000000] ACPI: INT_SRC_OVR (bus 0 bus_irq 0 global_irq 2 dfl dfl)
[    0.000000] ACPI: INT_SRC_OVR (bus 0 bus_irq 9 global_irq 9 low level)
[    0.000000] Using ACPI (MADT) for SMP configuration information
[    0.000000] smpboot: Allowing 2 CPUs, 0 hotplug CPUs
[    0.000000] PM: Registered nosave memory: [mem 0x00000000-0x00000fff]
[    0.000000] PM: Registered nosave memory: [mem 0x0009f000-0x0009ffff]
[    0.000000] PM: Registered nosave memory: [mem 0x000a0000-0x000effff]
[    0.000000] PM: Registered nosave memory: [mem 0x000f0000-0x000fffff]
[    0.000000] e820: [mem 0x40000000-0xfebfffff] available for PCI devices
[    0.000000] Booting paravirtualized kernel on KVM
[    0.000000] clocksource: refined-jiffies: mask: 0xffffffff max_cycles: 0xffffffff, max_idle_ns: 7645519600211568 ns
[    0.000000] setup_percpu: NR_CPUS:8192 nr_cpumask_bits:2 nr_cpu_ids:2 nr_node_ids:1
[    0.000000] percpu: Embedded 50 pages/cpu s167936 r8192 d28672 u1048576
[    0.000000] PV qspinlock hash table entries: 256 (order: 0, 4096 bytes)
[    0.000000] Built 1 zonelists, mobility grouping on.  Total pages: 257913
[    0.000000] Policy zone: DMA32
[    0.000000] Kernel command line: BOOT_IMAGE=/boot/vmlinuz-4.15.0-212-generic root=LABEL=cloudimg-rootfs ro console=tty1 console=ttyS0
[    0.000000] Memory: 982644K/1048120K available (12300K kernel code, 2477K rwdata, 4324K rodata, 2480K init, 2720K bss, 65476K reserved, 0K cma-reserved)
[    0.000000] SLUB: HWalign=64, Order=0-3, MinObjects=0, CPUs=2, Nodes=1
[    0.000000] ftrace: allocating 39508 entries in 155 pages
[    0.004000] Hierarchical RCU implementation.
[    0.004000] 	RCU restricting CPUs from NR_CPUS=8192 to nr_cpu_ids=2.
[    0.004000] 	Tasks RCU enabled.
[    0.004000] RCU: Adjusting geometry for rcu_fanout_leaf=16, nr_cpu_ids=2
[    0.004000] NR_IRQS: 524544, nr_irqs: 440, preallocated irqs: 16
[    0.004000] random: crng init done
[    0.004000] Console: colour VGA+ 80x25
[    0.004000] console [tty1] enabled
[    0.004000] console [ttyS0] enabled
[    0.004000] ACPI: Core revision 20170831
[    0.004000] ACPI: 2 ACPI AML tables successfully acquired and loaded
[    0.004000] APIC: Switch to symmetric I/O mode setup
[    0.004000] x2apic enabled
[    0.004000] Switched APIC routing to physical x2apic.
[    0.004000] ..TIMER: vector=0x30 apic1=0 pin1=2 apic2=-1 pin2=-1
[    0.004000] tsc: Detected 2399.998 MHz processor
[    0.004009] Calibrating delay loop (skipped) preset value.. 4799.99 BogoMIPS (lpj=9599992)
[    0.005097] pid_max: default: 32768 minimum: 301
[    0.005750] Security Framework initialized
[    0.006328] Yama: becoming mindful.
[    0.006829] AppArmor: AppArmor initialized
[    0.012014] Dentry cache hash table entries: 131072 (order: 8, 1048576 bytes)
[    0.013009] Inode-cache hash table entries: 65536 (order: 7, 524288 bytes)
[    0.013907] Mount-cache hash table entries: 2048 (order: 2, 16384 bytes)
[    0.014808] Mountpoint-cache hash table entries: 2048 (order: 2, 16384 bytes)
[    0.016203] Last level iTLB entries: 4KB 64, 2MB 8, 4MB 8
[    0.016930] Last level dTLB entries: 4KB 64, 2MB 0, 4MB 0, 1GB 4
[    0.017744] Spectre V1 : Mitigation: usercopy/swapgs barriers and __user pointer sanitization
[    0.018880] Spectre V2 : Mitigation: Retpolines
[    0.020003] Spectre V2 : Spectre v2 / SpectreRSB mitigation: Filling RSB on context switch
[    0.021220] Spectre V2 : Spectre v2 / SpectreRSB : Filling RSB on VMEXIT
[    0.022176] RETBleed: WARNING: Spectre v2 mitigation leaves CPU vulnerable to RETBleed attacks, data leaks possible!
[    0.023788] RETBleed: Vulnerable
[    0.024003] Speculative Store Bypass: Vulnerable
[    0.024695] MMIO Stale Data: Vulnerable: Clear CPU buffers attempted, no microcode
[    0.025706] SRBDS: Unknown: Dependent on hypervisor status
[    0.026622] Freeing SMP alternatives memory: 36K
[    0.136271] APIC calibration not consistent with PM-Timer: 98ms instead of 100ms
[    0.137625] APIC delta adjusted to PM-Timer: 6233312 (6165747)
[    0.138462] smpboot: CPU0: Intel(R) Core(TM) i5-10200H CPU @ 2.40GHz (family: 0x6, model: 0xa5, stepping: 0x2)
[    0.139828] Performance Events: unsupported p6 CPU model 165 no PMU driver, software events only.
[    0.140000] Hierarchical SRCU implementation.
[    0.140000] NMI watchdog: Perf event create on CPU 0 failed with -2
[    0.140002] NMI watchdog: Perf NMI watchdog permanently disabled
[    0.140914] smp: Bringing up secondary CPUs ...
[    0.141602] x86: Booting SMP configuration:
[    0.142287] .... node  #0, CPUs:      #1
[    0.004000] kvm-clock: cpu 1, msr 0:3ff44041, secondary cpu clock
[    0.146463] smp: Brought up 1 node, 2 CPUs
[    0.146463] smpboot: Max logical packages: 1
[    0.146463] smpboot: Total of 2 processors activated (9599.99 BogoMIPS)
[    0.148280] devtmpfs: initialized
[    0.148551] x86/mm: Memory block size: 128MB
[    0.149239] evm: security.selinux
[    0.149718] evm: security.SMACK64
[    0.150192] evm: security.SMACK64EXEC
[    0.150699] evm: security.SMACK64TRANSMUTE
[    0.152003] evm: security.SMACK64MMAP
[    0.152575] evm: security.apparmor
[    0.153053] evm: security.ima
[    0.153478] evm: security.capability
[    0.154019] clocksource: jiffies: mask: 0xffffffff max_cycles: 0xffffffff, max_idle_ns: 7645041785100000 ns
[    0.154019] futex hash table entries: 512 (order: 3, 32768 bytes)
[    0.156037] pinctrl core: initialized pinctrl subsystem
[    0.160080] RTC time: 10:57:20, date: 04/04/25
[    0.164038] NET: Registered protocol family 16
[    0.164704] audit: initializing netlink subsys (disabled)
[    0.165446] audit: type=2000 audit(1743764245.038:1): state=initialized audit_enabled=0 res=1
[    0.165446] cpuidle: using governor ladder
[    0.165446] cpuidle: using governor menu
[    0.165446] ACPI: bus type PCI registered
[    0.168004] acpiphp: ACPI Hot Plug PCI Controller Driver version: 0.5
[    0.168927] PCI: Using configuration type 1 for base access
[    0.169854] HugeTLB registered 2.00 MiB page size, pre-allocated 0 pages
[    0.172050] ACPI: Added _OSI(Module Device)
[    0.172769] ACPI: Added _OSI(Processor Device)
[    0.173573] ACPI: Added _OSI(3.0 _SCP Extensions)
[    0.174392] ACPI: Added _OSI(Processor Aggregator Device)
[    0.175193] ACPI: Added _OSI(Linux-Dell-Video)
[    0.176005] ACPI: Added _OSI(Linux-Lenovo-NV-HDMI-Audio)
[    0.176753] ACPI: Added _OSI(Linux-HPI-Hybrid-Graphics)
[    0.177730] ACPI: Executed 1 blocks of module-level executable AML code
[    0.181277] ACPI: Interpreter enabled
[    0.181799] ACPI: (supports S0 S5)
[    0.182371] ACPI: Using IOAPIC for interrupt routing
[    0.183471] PCI: Using host bridge windows from ACPI; if necessary, use "pci=nocrs" and report a bug
[    0.184135] ACPI: Enabled 2 GPEs in block 00 to 07
[    0.189308] ACPI: PCI Root Bridge [PCI0] (domain 0000 [bus 00-ff])
[    0.190166] acpi PNP0A03:00: _OSC: OS supports [ASPM ClockPM Segments MSI]
[    0.192352] acpi PNP0A03:00: _OSC: not requesting OS control; OS requires [ExtendedConfig ASPM ClockPM MSI]
[    0.193637] acpi PNP0A03:00: fail to add MMCONFIG information, can't access extended PCI configuration space under this bridge.
[    0.195519] PCI host bridge to bus 0000:00
[    0.196005] pci_bus 0000:00: root bus resource [io  0x0000-0x0cf7 window]
[    0.197315] pci_bus 0000:00: root bus resource [io  0x0d00-0xffff window]
[    0.198215] pci_bus 0000:00: root bus resource [mem 0x000a0000-0x000bffff window]
[    0.199229] pci_bus 0000:00: root bus resource [mem 0x40000000-0xfdffffff window]
[    0.200003] pci_bus 0000:00: root bus resource [bus 00-ff]
[    0.202290] pci 0000:00:01.1: legacy IDE quirk: reg 0x10: [io  0x01f0-0x01f7]
[    0.203316] pci 0000:00:01.1: legacy IDE quirk: reg 0x14: [io  0x03f6]
[    0.204003] pci 0000:00:01.1: legacy IDE quirk: reg 0x18: [io  0x0170-0x0177]
[    0.205018] pci 0000:00:01.1: legacy IDE quirk: reg 0x1c: [io  0x0376]
[    0.218395] pci 0000:00:07.0: quirk: [io  0x4000-0x403f] claimed by PIIX4 ACPI
[    0.219411] pci 0000:00:07.0: quirk: [io  0x4100-0x410f] claimed by PIIX4 SMB
[    0.227079] ACPI: PCI Interrupt Link [LNKA] (IRQs 5 9 10 *11)
[    0.228068] ACPI: PCI Interrupt Link [LNKB] (IRQs 5 9 *10 11)
[    0.228924] ACPI: PCI Interrupt Link [LNKC] (IRQs 5 *9 10 11)
[    0.229832] ACPI: PCI Interrupt Link [LNKD] (IRQs 5 9 10 *11)
[    0.230977] SCSI subsystem initialized
[    0.231547] pci 0000:00:02.0: vgaarb: setting as boot VGA device
[    0.231547] pci 0000:00:02.0: vgaarb: VGA device added: decodes=io+mem,owns=io+mem,locks=none
[    0.232009] pci 0000:00:02.0: vgaarb: bridge control possible
[    0.232898] vgaarb: loaded
[    0.233418] ACPI: bus type USB registered
[    0.234032] usbcore: registered new interface driver usbfs
[    0.236023] usbcore: registered new interface driver hub
[    0.236846] usbcore: registered new device driver usb
[    0.237600] EDAC MC: Ver: 3.0.0
[    0.237600] PCI: Using ACPI for IRQ routing
[    0.237600] NetLabel: Initializing
[    0.240008] NetLabel:  domain hash size = 128
[    0.240652] NetLabel:  protocols = UNLABELED CIPSOv4 CALIPSO
[    0.241490] NetLabel:  unlabeled traffic allowed by default
[    0.242351] clocksource: Switched to clocksource kvm-clock
[    0.263742] VFS: Disk quotas dquot_6.6.0
[    0.264418] VFS: Dquot-cache hash table entries: 512 (order 0, 4096 bytes)
[    0.265454] AppArmor: AppArmor Filesystem Enabled
[    0.266262] pnp: PnP ACPI init
[    0.267525] pnp: PnP ACPI: found 3 devices
[    0.276476] clocksource: acpi_pm: mask: 0xffffff max_cycles: 0xffffff, max_idle_ns: 2085701024 ns
[    0.277714] NET: Registered protocol family 2
[    0.278348] IP idents hash table entries: 16384 (order: 5, 131072 bytes)
[    0.284440] TCP established hash table entries: 8192 (order: 4, 65536 bytes)
[    0.285393] TCP bind hash table entries: 8192 (order: 5, 131072 bytes)
[    0.286273] TCP: Hash tables configured (established 8192 bind 8192)
[    0.287135] UDP hash table entries: 512 (order: 2, 16384 bytes)
[    0.287924] UDP-Lite hash table entries: 512 (order: 2, 16384 bytes)
[    0.288884] NET: Registered protocol family 1
[    0.289485] pci 0000:00:00.0: Limiting direct PCI/PCI transfers
[    0.290315] pci 0000:00:01.0: Activating ISA DMA hang workarounds
[    0.291152] pci 0000:00:02.0: Video device with shadowed ROM at [mem 0x000c0000-0x000dffff]
[    0.292347] Unpacking initramfs...
[    0.662354] Freeing initrd memory: 19528K
[    0.663071] clocksource: tsc: mask: 0xffffffffffffffff max_cycles: 0x229835b7123, max_idle_ns: 440795242976 ns
[    0.664928] platform rtc_cmos: registered platform RTC device (no PNP device found)
[    0.666081] Scanning for low memory corruption every 60 seconds
[    0.667322] Initialise system trusted keyrings
[    0.667974] Key type blacklist registered
[    0.668634] workingset: timestamp_bits=36 max_order=18 bucket_order=0
[    0.670244] zbud: loaded
[    0.671270] squashfs: version 4.0 (2009/01/31) Phillip Lougher
[    0.672350] fuse init (API version 7.26)
[    0.674273] Key type asymmetric registered
[    0.674871] Asymmetric key parser 'x509' registered
[    0.675569] Block layer SCSI generic (bsg) driver version 0.4 loaded (major 246)
[    0.676715] io scheduler noop registered
[    0.677330] io scheduler deadline registered
[    0.678143] io scheduler cfq registered (default)
[    0.679192] ACPI: AC Adapter [AC] (on-line)
[    0.679805] input: Power Button as /devices/LNXSYSTM:00/LNXPWRBN:00/input/input0
[    0.680872] ACPI: Power Button [PWRF]
[    0.681429] input: Sleep Button as /devices/LNXSYSTM:00/LNXSLPBN:00/input/input1
[    0.682463] ACPI: Sleep Button [SLPF]
[    0.684490] Serial: 8250/16550 driver, 32 ports, IRQ sharing enabled
[    0.685030] ACPI: Battery Slot [BAT0] (battery present)
[    0.706524] 00:02: ttyS0 at I/O 0x3f8 (irq = 4, base_baud = 115200) is a 16550A
[    0.708738] Linux agpgart interface v0.103
[    0.715438] loop: module loaded
[    0.717343] scsi host0: ata_piix
[    0.717967] scsi host1: ata_piix
[    0.718455] ata1: PATA max UDMA/33 cmd 0x1f0 ctl 0x3f6 bmdma 0xd000 irq 14
[    0.719552] ata2: PATA max UDMA/33 cmd 0x170 ctl 0x376 bmdma 0xd008 irq 15
[    0.720863] tun: Universal TUN/TAP device driver, 1.6
[    0.721678] PPP generic driver version 2.4.2
[    0.722298] ehci_hcd: USB 2.0 'Enhanced' Host Controller (EHCI) Driver
[    0.723157] ehci-pci: EHCI PCI platform driver
[    0.723786] ehci-platform: EHCI generic platform driver
[    0.724522] ohci_hcd: USB 1.1 'Open' Host Controller (OHCI) Driver
[    0.725340] ohci-pci: OHCI PCI platform driver
[    0.725960] ohci-platform: OHCI generic platform driver
[    0.726694] uhci_hcd: USB Universal Host Controller Interface driver
[    0.727605] i8042: PNP: PS/2 Controller [PNP0303:PS2K,PNP0f03:PS2M] at 0x60,0x64 irq 1,12
[    0.729158] serio: i8042 KBD port at 0x60,0x64 irq 1
[    0.729905] serio: i8042 AUX port at 0x60,0x64 irq 12
[    0.730700] mousedev: PS/2 mouse device common for all mice
[    0.731800] input: AT Translated Set 2 keyboard as /devices/platform/i8042/serio0/input/input2
[    0.733482] rtc_cmos rtc_cmos: rtc core: registered rtc_cmos as rtc0
[    0.734476] rtc_cmos rtc_cmos: alarms up to one day, 114 bytes nvram
[    0.735427] i2c /dev entries driver
[    0.736100] device-mapper: uevent: version 1.0.3
[    0.736943] device-mapper: ioctl: 4.37.0-ioctl (2017-09-20) initialised: dm-devel@redhat.com
[    0.738215] ledtrig-cpu: registered to indicate activity on CPUs
[    0.739341] NET: Registered protocol family 10
[    0.742845] Segment Routing with IPv6
[    0.743409] NET: Registered protocol family 17
[    0.744083] Key type dns_resolver registered
[    0.744830] mce: Using 0 MCE banks
[    0.745317] RAS: Correctable Errors collector initialized.
[    0.746061] sched_clock: Marking stable (744808767, 0)->(899481290, -154672523)
[    0.747461] registered taskstats version 1
[    0.748034] Loading compiled-in X.509 certificates
[    0.750409] Loaded X.509 cert 'Build time autogenerated kernel key: b5b26778eaa3ab3a4a6cee031137706e947d12ad'
[    0.752687] Loaded X.509 cert 'Canonical Ltd. Live Patch Signing: 14df34d1a87cf37625abec039ef2bf521249b969'
[    0.754580] Loaded X.509 cert 'Canonical Ltd. Kernel Module Signing: 88f752e560a1e0737e31163a466ad7b70a850c19'
[    0.755897] blacklist: Loading compiled-in revocation X.509 certificates
[    0.756948] Loaded X.509 cert 'Canonical Ltd. Secure Boot Signing: 61482aa2830d0ab2ad5af10b7250da9033ddcef0'
[    0.758503] Loaded X.509 cert 'Canonical Ltd. Secure Boot Signing (2017): 242ade75ac4a15e50d50c84b0d45ff3eae707a03'
[    0.759875] Loaded X.509 cert 'Canonical Ltd. Secure Boot Signing (ESM 2018): 365188c1d374d6b07c3c8f240f8ef722433d6a8b'
[    0.761619] Loaded X.509 cert 'Canonical Ltd. Secure Boot Signing (2019): c0746fd6c5da3ae827864651ad66ae47fe24b3e8'
[    0.763087] Loaded X.509 cert 'Canonical Ltd. Secure Boot Signing (2021 v1): a8d54bbb3825cfb94fa13c9f8a594a195c107b8d'
[    0.764606] Loaded X.509 cert 'Canonical Ltd. Secure Boot Signing (2021 v2): 4cf046892d6fd3c9a5b03f98d845f90851dc6a8c'
[    0.766022] Loaded X.509 cert 'Canonical Ltd. Secure Boot Signing (2021 v3): 100437bb6de6e469b581e61cd66bce3ef4ed53af'
[    0.767447] Loaded X.509 cert 'Canonical Ltd. Secure Boot Signing (Ubuntu Core 2019): c1d57b8f6b743f23ee41f4f7ee292f06eecadfb9'
[    0.769660] zswap: loaded using pool lzo/zbud
[    0.772543] Key type big_key registered
[    0.773193] Key type trusted registered
[    0.774767] Key type encrypted registered
[    0.775463] AppArmor: AppArmor sha1 policy hashing enabled
[    0.776466] ima: No TPM chip found, activating TPM-bypass! (rc=-19)
[    0.777458] ima: Allocated hash algorithm: sha1
[    0.778150] evm: HMAC attrs: 0x1
[    0.778957]   Magic number: 5:788:981
[    0.779764] rtc_cmos rtc_cmos: setting system clock to 2025-04-04 10:57:21 UTC (1743764241)
[    0.781330] BIOS EDD facility v0.16 2004-Jun-25, 0 devices found
[    0.782273] EDD information not available.
[    0.904727] Freeing unused kernel image memory: 2480K
[    0.919918] Write protecting the kernel read-only data: 20480k
[    0.924561] Freeing unused kernel image memory: 2008K
[    0.925591] Freeing unused kernel image memory: 1820K
[    0.935275] x86/mm: Checked W+X mappings: passed, no W+X pages found.
Loading, please wait...
starting version 237
[    0.984284] e1000: Intel(R) PRO/1000 Network Driver - version 7.3.21-k8-NAPI
[    0.985863] e1000: Copyright (c) 1999-2006 Intel Corporation.
[    0.988428] Fusion MPT base driver 3.04.20
[    0.989005] Copyright (c) 1999-2008 LSI Corporation
[    0.994133] Fusion MPT SPI Host driver 3.04.20
[    0.997911] AVX2 version of gcm_enc/dec engaged.
[    0.998580] AES CTR mode by8 optimization enabled
[    1.193108] input: ImExPS/2 Generic Explorer Mouse as /devices/platform/i8042/serio1/input/input4
[    1.538563] e1000 0000:00:03.0 eth0: (PCI:33MHz:32-bit) 02:3b:7b:b7:3b:2d
[    1.539702] e1000 0000:00:03.0 eth0: Intel(R) PRO/1000 Network Connection
[    2.023067] e1000 0000:00:08.0 eth1: (PCI:33MHz:32-bit) 08:00:27:02:36:f8
[    2.024009] e1000 0000:00:08.0 eth1: Intel(R) PRO/1000 Network Connection
[    2.025866] e1000 0000:00:08.0 enp0s8: renamed from eth1
[    2.028061] mptbase: ioc0: Initiating bringup
[    2.044548] e1000 0000:00:03.0 enp0s3: renamed from eth0
[    2.144283] ioc0: LSI53C1030 A0: Capabilities={Initiator}
[    2.406442] scsi host2: ioc0: LSI53C1030 A0, FwRev=00000000h, Ports=1, MaxQ=256, IRQ=20
[    2.573187] scsi 2:0:0:0: Direct-Access     VBOX     HARDDISK         1.0  PQ: 0 ANSI: 5
[    2.601065] scsi target2:0:0: Beginning Domain Validation
[    2.604087] scsi target2:0:0: Domain Validation skipping write tests
[    2.604940] scsi target2:0:0: Ending Domain Validation
[    2.605731] scsi target2:0:0: asynchronous
[    2.606686] scsi 2:0:1:0: Direct-Access     VBOX     HARDDISK         1.0  PQ: 0 ANSI: 5
[    2.636219] scsi target2:0:1: Beginning Domain Validation
[    2.639300] scsi target2:0:1: Domain Validation skipping write tests
[    2.640138] scsi target2:0:1: Ending Domain Validation
[    2.641124] scsi target2:0:1: asynchronous
[    2.645464] sd 2:0:0:0: Attached scsi generic sg0 type 0
[    2.645530] sd 2:0:0:0: [sda] 83886080 512-byte logical blocks: (42.9 GB/40.0 GiB)
[    2.646471] sd 2:0:1:0: Attached scsi generic sg1 type 0
[    2.647275] sd 2:0:0:0: [sda] Write Protect is off
[    2.648734] sd 2:0:0:0: [sda] Incomplete mode parameter data
[    2.648743] sd 2:0:1:0: [sdb] 20480 512-byte logical blocks: (10.5 MB/10.0 MiB)
[    2.649511] sd 2:0:0:0: [sda] Assuming drive cache: write through
[    2.651914] sd 2:0:1:0: [sdb] Write Protect is off
[    2.652918] sd 2:0:1:0: [sdb] Incomplete mode parameter data
[    2.653677] sd 2:0:1:0: [sdb] Assuming drive cache: write through
[    2.659004]  sda: sda1
[    2.659887] sd 2:0:0:0: [sda] Attached SCSI disk
[    2.660844] sd 2:0:1:0: [sdb] Attached SCSI disk
Begin: Loading essential drivers ... [    4.008087] raid6: sse2x1   gen() 13235 MB/s
[    4.056022] raid6: sse2x1   xor()  7930 MB/s
[    4.104054] raid6: sse2x2   gen() 16663 MB/s
[    4.152016] raid6: sse2x2   xor() 10731 MB/s
[    4.200048] raid6: sse2x4   gen() 17832 MB/s
[    4.248083] raid6: sse2x4   xor() 10379 MB/s
[    4.296023] raid6: avx2x1   gen() 27028 MB/s
[    4.344044] raid6: avx2x1   xor() 15878 MB/s
[    4.392033] raid6: avx2x2   gen() 30963 MB/s
[    4.440037] raid6: avx2x2   xor() 20799 MB/s
[    4.488060] raid6: avx2x4   gen() 34966 MB/s
[    4.536052] raid6: avx2x4   xor() 18132 MB/s
[    4.536786] raid6: using algorithm avx2x4 gen() 34966 MB/s
[    4.537664] raid6: .... xor() 18132 MB/s, rmw enabled
[    4.538519] raid6: using avx2x2 recovery algorithm
[    4.540299] xor: automatically using best checksumming function   avx       
[    4.542127] async_tx: api initialized (async)
done.
Begin: Running /scripts/init-premount ... done.
Begin: Mounting root file system ... Begin: Running /scripts/local-top ... done.
Begin: Running /scripts/local-premount ... [    4.577743] Btrfs loaded, crc32c=crc32c-intel
Scanning for Btrfs filesystems
done.
Warning: fsck not present, so skipping root file system
[    4.596929] EXT4-fs (sda1): mounted filesystem with ordered data mode. Opts: (null)
done.
Begin: Running /scripts/local-bottom ... done.
Begin: Running /scripts/init-bottom ... done.
[    4.738645] ip_tables: (C) 2000-2006 Netfilter Core Team
[    4.744628] systemd[1]: systemd 237 running in system mode. (+PAM +AUDIT +SELINUX +IMA +APPARMOR +SMACK +SYSVINIT +UTMP +LIBCRYPTSETUP +GCRYPT +GNUTLS +ACL +XZ +LZ4 +SECCOMP +BLKID +ELFUTILS +KMOD -IDN2 +IDN -PCRE2 default-hierarchy=hybrid)
[    4.747511] systemd[1]: Detected virtualization oracle.
[    4.748271] systemd[1]: Detected architecture x86-64.

Welcome to [1mUbuntu 18.04.6 LTS[0m!

[    4.752661] systemd[1]: Set hostname to <ubuntu>.
[    4.754911] systemd[1]: Initializing machine ID from random generator.
[    4.755841] systemd[1]: Installed transient /etc/machine-id file.
[    4.922052] systemd[1]: Reached target User and Group Name Lookups.
[[0;32m  OK  [0m] Reached target User and Group Name Lookups.
[    4.923684] systemd[1]: Reached target Swap.
[[0;32m  OK  [0m] Reached target Swap.
[    4.924918] systemd[1]: Set up automount Arbitrary Executable File Formats File System Automount Point.
[[0;32m  OK  [0m] Set up automount Arbitrary Executab…rmats File System Automount Point.
[    4.927180] systemd[1]: Started Forward Password Requests to Wall Directory Watch.
[[0;32m  OK  [0m] Started Forward Password Requests to Wall Directory Watch.
[[0;32m  OK  [0m] Created slice System Slice.
[[0;32m  OK  [0m] Listening on Journal Socket.
[[0;32m  OK  [0m] Listening on Device-mapper event daemon FIFOs.
         Starting Uncomplicated firewall...
[[0;32m  OK  [0m] Listening on LVM2 metadata daemon socket.
[[0;32m  OK  [0m] Listening on udev Kernel Socket.
         Mounting Huge Pages File System...
[[0;32m  OK  [0m] Listening on /dev/initctl Compatibility Named Pipe.
         Starting Monitoring of LVM2 mirrors…ng dmeventd or progress polling...
[[0;32m  OK  [0m] Listening on LVM2 poll daemon socket.
[[0;32m  OK  [0m] Listening on fsck to fsckd communication Socket.
[[0;32m  OK  [0m] Listening on Journal Audit Socket.
         Starting Set the console keyboard layout...
         Starting File System Check on Root Device...
         Mounting Kernel Debug File System...
[[0;32m  OK  [0m] Listening on Network Service Netlink Socket.
[[0;32m  OK  [0m] Listening on Journal Socket (/dev/log).
[[0;32m  OK  [0m] Reached target System Time Synchronized.
         Mounting POSIX Message Queue File System...
[[0;32m  OK  [0m] Listening on Syslog Socket.
         Starting Journal Service...
[[0;32m  OK  [0m] Created slice system-serial\x2dgetty.slice.
         Starting Load Kernel Modules...
[[0;32m  OK  [0m] Created slice User and Session Slice.
[[0;32m  OK  [0m] Reached target Slices.
[[0;32m  OK  [0m] Listening on udev Control Socket.
         Starting udev Coldplug all Devices...
[[0;32m  OK  [0m] Reached target Mounting snaps.
[[0;32m  OK  [0m] Reached target Mounted snaps.
         Starting Create list of required st…ce nodes for the current kernel...
[[0;32m  OK  [0m] Started Uncomplicated firewall.
[[0;32m  OK  [0m] Mounted Huge Pages File System.
[[0;32m  OK  [0m] Mounted Kernel Debug File System.
[[0;32m  OK  [0m] Mounted POSIX Message Queue File System.
[[0;32m  OK  [0m] Started LVM2 metadata daemon.
[[0;32m  OK  [0m] Started File System Check Daemon to report status.
[[0;32m  OK  [0m] Started Journal Service.
[    5.052155] Loading iSCSI transport class v2.0-870.
[    5.057225] iscsi: registered transport (tcp)
[[0;32m  OK  [0m] Started Create list of required sta…vice nodes for the current kernel.
         Starting Create Static Device Nodes in /dev...
[[0;32m  OK  [0m] Started udev Coldplug all Devices.
[[0;32m  OK  [0m] Started File System Check on Root Device.
         Starting Remount Root and Kernel File Systems...
[    5.115806] iscsi: registered transport (iser)
[[0;32m  OK  [0m] Started Load Kernel Modules.
[[0;32m  OK  [0m] Started Monitoring of LVM2 mirrors,…sing dmeventd or progress polling.
         Mounting FUSE Control File System...
         Starting Apply Kernel Variables...
         Mounting Kernel Configuration File System...
[[0;32m  OK  [0m] Mounted FUSE Control File System.
[[0;32m  OK  [0m] Mounted Kernel Configuration File System.
[[0;32m  OK  [0m] Started Remount Root and Kernel File Systems.
         Starting Load/Save Random Seed...
         Starting Flush Journal to Persistent Storage...
[[0;32m  OK  [0m] Started Create Static Device Nodes in /dev.
[[0;32m  OK  [0m] Started Apply Kernel Variables.
[[0;32m  OK  [0m] Started Load/Save Random Seed.
         Starting udev Kernel Device Manager...
[[0;32m  OK  [0m] Started udev Kernel Device Manager.
[[0;32m  OK  [0m] Started Flush Journal to Persistent Storage.
[[0;32m  OK  [0m] Found device /dev/ttyS0.
[[0;32m  OK  [0m] Listening on Load/Save RF Kill Switch Status /dev/rfkill Watch.
         Mounting Arbitrary Executable File Formats File System...
[[0;32m  OK  [0m] Mounted Arbitrary Executable File Formats File System.
[[0;32m  OK  [0m] Started Set the console keyboard layout.
[[0;32m  OK  [0m] Reached target Local File Systems (Pre).
[[0;32m  OK  [0m] Reached target Local File Systems.
         Starting Create Volatile Files and Directories...
         Starting Commit a transient machine-id on disk...
         Starting AppArmor initialization...
         Starting Tell Plymouth To Write Out Runtime Data...
         Starting ebtables ruleset management...
         Starting Set console font and keymap...
[[0;32m  OK  [0m] Started Dispatch Password Requests to Console Directory Watch.
[[0;32m  OK  [0m] Reached target Local Encrypted Volumes.
[[0;32m  OK  [0m] Started Create Volatile Files and Directories.
[[0;32m  OK  [0m] Started Tell Plymouth To Write Out Runtime Data.
         Starting Update UTMP about System Boot/Shutdown...
[[0;32m  OK  [0m] Started Update UTMP about System Boot/Shutdown.
[[0;32m  OK  [0m] Started Commit a transient machine-id on disk.
[[0;32m  OK  [0m] Started ebtables ruleset management.
[[0;32m  OK  [0m] Started AppArmor initialization.
         Starting Load AppArmor profiles managed internally by snapd...
         Starting Initial cloud-init job (pre-networking)...
[[0;32m  OK  [0m] Started Load AppArmor profiles managed internally by snapd.
[[0;32m  OK  [0m] Started Set console font and keymap.
[    8.576881] cloud-init[713]: Cloud-init v. 23.1.2-0ubuntu0~18.04.1 running 'init-local' at Fri, 04 Apr 2025 10:57:28 +0000. Up 8.21 seconds.
[[0;32m  OK  [0m] Started Initial cloud-init job (pre-networking).
[[0;32m  OK  [0m] Reached target Network (Pre).
         Starting Network Service...
[[0;32m  OK  [0m] Started Network Service.
         Starting Network Name Resolution...
         Starting Wait for Network to be Configured...
[[0;32m  OK  [0m] Started Network Name Resolution.
[[0;32m  OK  [0m] Reached target Host and Network Name Lookups.
[[0;32m  OK  [0m] Reached target Network.
[[0;32m  OK  [0m] Started Wait for Network to be Configured.
         Starting Initial cloud-init job (metadata service crawler)...
[   10.630265] cloud-init[1007]: Cloud-init v. 23.1.2-0ubuntu0~18.04.1 running 'init' at Fri, 04 Apr 2025 10:57:31 +0000. Up 10.47 seconds.
[   10.631687] cloud-init[1007]: ci-info: ++++++++++++++++++++++++++++++++++++++Net device info+++++++++++++++++++++++++++++++++++++++
[   10.633018] cloud-init[1007]: ci-info: +--------+-------+----------------------------+---------------+--------+-------------------+
[   10.634327] cloud-init[1007]: ci-info: | Device |   Up  |          Address           |      Mask     | Scope  |     Hw-Address    |
[   10.635466] cloud-init[1007]: ci-info: +--------+-------+----------------------------+---------------+--------+-------------------+
[   10.636732] cloud-init[1007]: ci-info: | enp0s3 |  True |         10.0.2.15          | 255.255.255.0 | global | 02:3b:7b:b7:3b:2d |
[   10.638121] cloud-init[1007]: ci-info: | enp0s3 |  True | fd00::3b:7bff:feb7:3b2d/64 |       .       | global | 02:3b:7b:b7:3b:2d |
[   10.639455] cloud-init[1007]: ci-info: | enp0s3 |  True | fe80::3b:7bff:feb7:3b2d/64 |       .       |  link  | 02:3b:7b:b7:3b:2d |
[   10.640700] cloud-init[1007]: ci-info: | enp0s8 | False |             .              |       .       |   .    | 08:00:27:02:36:f8 |
[   10.641913] cloud-init[1007]: ci-info: |   lo   |  True |         127.0.0.1          |   255.0.0.0   |  host  |         .         |
[   10.643305] cloud-init[1007]: ci-info: |   lo   |  True |          ::1/128           |       .       |  host  |         .         |
[   10.644493] cloud-init[1007]: ci-info: +--------+-------+----------------------------+---------------+--------+-------------------+
[   10.645738] cloud-init[1007]: ci-info: ++++++++++++++++++++++++++++Route IPv4 info+++++++++++++++++++++++++++++
[   10.646821] cloud-init[1007]: ci-info: +-------+-------------+----------+-----------------+-----------+-------+
[   10.647897] cloud-init[1007]: ci-info: | Route | Destination | Gateway  |     Genmask     | Interface | Flags |
[   10.648929] cloud-init[1007]: ci-info: +-------+-------------+----------+-----------------+-----------+-------+
[   10.650070] cloud-init[1007]: ci-info: |   0   |   0.0.0.0   | 10.0.2.2 |     0.0.0.0     |   enp0s3  |   UG  |
[   10.651290] cloud-init[1007]: ci-info: |   1   |   10.0.2.0  | 0.0.0.0  |  255.255.255.0  |   enp0s3  |   U   |
[   10.652333] cloud-init[1007]: ci-info: |   2   |   10.0.2.2  | 0.0.0.0  | 255.255.255.255 |   enp0s3  |   UH  |
[   10.653315] cloud-init[1007]: ci-info: +-------+-------------+----------+-----------------+-----------+-------+
[   10.654377] cloud-init[1007]: ci-info: +++++++++++++++++++Route IPv6 info+++++++++++++++++++
[   10.655319] cloud-init[1007]: ci-info: +-------+-------------+---------+-----------+-------+
[   10.656180] cloud-init[1007]: ci-info: | Route | Destination | Gateway | Interface | Flags |
[   10.668152] cloud-init[1007]: ci-info: +-------+-------------+---------+-----------+-------+
[   10.668958] cloud-init[1007]: ci-info: |   1   |  fd00::/64  |    ::   |   enp0s3  |   U   |
[   10.669731] cloud-init[1007]: ci-info: |   2   |  fe80::/64  |    ::   |   enp0s3  |   U   |
[   10.670525] cloud-init[1007]: ci-info: |   3   |     ::/0    | fe80::2 |   enp0s3  |   UG  |
[   10.671528] cloud-init[1007]: ci-info: |   5   |    local    |    ::   |   enp0s3  |   U   |
[   10.672525] cloud-init[1007]: ci-info: |   6   |   ff00::/8  |    ::   |   enp0s3  |   U   |
[   10.673478] cloud-init[1007]: ci-info: +-------+-------------+---------+-----------+-------+
[   11.180449] cloud-init[1007]: Generating public/private rsa key pair.
[   11.180996] cloud-init[1007]: Your identification has been saved in /etc/ssh/ssh_host_rsa_key.
[   11.181627] cloud-init[1007]: Your public key has been saved in /etc/ssh/ssh_host_rsa_key.pub.
[   11.182340] cloud-init[1007]: The key fingerprint is:
[   11.182860] cloud-init[1007]: SHA256:FJgdnBcjPznH70gHJ/a3h7M3XoG/AXZTKhQSd9p0OjE root@ubuntu-bionic
[   11.183740] cloud-init[1007]: The key's randomart image is:
[   11.184417] cloud-init[1007]: +---[RSA 2048]----+
[   11.185005] cloud-init[1007]: |       =+o=oo E .|
[   11.185516] cloud-init[1007]: |      o ++.* * = |
[   11.196268] cloud-init[1007]: |        ..= O = .|
[   11.196761] cloud-init[1007]: |       .   * *.o.|
[   11.197260] cloud-init[1007]: |        S   o+=+.|
[   11.197740] cloud-init[1007]: |           ..=+o+|
[   11.198341] cloud-init[1007]: |            . ++o|
[   11.198860] cloud-init[1007]: |               +*|
[   11.199576] cloud-init[1007]: |              o+.|
[   11.200159] cloud-init[1007]: +----[SHA256]-----+
[   11.200639] cloud-init[1007]: Generating public/private dsa key pair.
[   11.201262] cloud-init[1007]: Your identification has been saved in /etc/ssh/ssh_host_dsa_key.
[   11.202076] cloud-init[1007]: Your public key has been saved in /etc/ssh/ssh_host_dsa_key.pub.
[   11.202896] cloud-init[1007]: The key fingerprint is:
[   11.203407] cloud-init[1007]: SHA256:ck3g1K6R6UQ9M5vXeKdIGc58iSMT+SdMR3uwp5ZJ2ww root@ubuntu-bionic
[   11.204311] cloud-init[1007]: The key's randomart image is:
[   11.204883] cloud-init[1007]: +---[DSA 1024]----+
[   11.205516] cloud-init[1007]: |        oo . .o  |
[   11.206086] cloud-init[1007]: |       o..O o .+ |
[   11.206614] cloud-init[1007]: |       ..+.# BE.o|
[   11.207156] cloud-init[1007]: |        =o* #.*@.|
[   11.207744] cloud-init[1007]: |      .oSo.= B*oo|
[   11.208401] cloud-init[1007]: |       oo   ...  |
[   11.208944] cloud-init[1007]: |                 |
[   11.209430] cloud-init[1007]: |                 |
[   11.209935] cloud-init[1007]: |                 |
[   11.210426] cloud-init[1007]: +----[SHA256]-----+
[   11.210917] cloud-init[1007]: Generating public/private ecdsa key pair.
[   11.211568] cloud-init[1007]: Your identification has been saved in /etc/ssh/ssh_host_ecdsa_key.
[   11.212661] cloud-init[1007]: Your public key has been saved in /etc/ssh/ssh_host_ecdsa_key.pub.
[   11.213647] cloud-init[1007]: The key fingerprint is:
[   11.214156] cloud-init[1007]: SHA256:mHJb24g4UmA0sCAbrRCF+4qBxuqnsQC29QGtXjsslEg root@ubuntu-bionic
[   11.215009] cloud-init[1007]: The key's randomart image is:
[   11.215561] cloud-init[1007]: +---[ECDSA 256]---+
[   11.216093] cloud-init[1007]: |**+              |
[   11.216576] cloud-init[1007]: |==...            |
[   11.217048] cloud-init[1007]: |+Eo. .           |
[   11.217518] cloud-init[1007]: |+...+  o         |
[   11.217998] cloud-init[1007]: |++ =oo+ S        |
[   11.218478] cloud-init[1007]: |=o*.++o+ +       |
[   11.218948] cloud-init[1007]: |==.oo=o o .      |
[   11.219595] cloud-init[1007]: |= oo...          |
[   11.220154] cloud-init[1007]: |.+o              |
[   11.220669] cloud-init[1007]: +----[SHA256]-----+
[   11.221153] cloud-init[1007]: Generating public/private ed25519 key pair.
[   11.221802] cloud-init[1007]: Your identification has been saved in /etc/ssh/ssh_host_ed25519_key.
[   11.222656] cloud-init[1007]: Your public key has been saved in /etc/ssh/ssh_host_ed25519_key.pub.
[   11.223490] cloud-init[1007]: The key fingerprint is:
[   11.223985] cloud-init[1007]: SHA256:Kv1DvBpBJz/uc2sA4ostJwdz68/9jNL8kKXJOxa+GSg root@ubuntu-bionic
[   11.224834] cloud-init[1007]: The key's randomart image is:
[   11.225389] cloud-init[1007]: +--[ED25519 256]--+
[   11.225850] cloud-init[1007]: |                 |
[   11.226531] cloud-init[1007]: |                 |
[   11.227041] cloud-init[1007]: |      o .        |
[   11.227539] cloud-init[1007]: |    ...+         |
[   11.228050] cloud-init[1007]: |   . ..oS .      |
[   11.228538] cloud-init[1007]: |  o o. *=*       |
[   11.229014] cloud-init[1007]: |   *Eo==O+       |
[   11.229488] cloud-init[1007]: |  + *+.=XBo      |
[   11.229994] cloud-init[1007]: |   *..++OX=.     |
[   11.230477] cloud-init[1007]: +----[SHA256]-----+
[[0;32m  OK  [0m] Started Initial cloud-init job (metadata service crawler).
[[0;32m  OK  [0m] Reached target Cloud-config availability.
[[0;32m  OK  [0m] Reached target Network is Online.
         Starting Availability of block devices...
[[0;32m  OK  [0m] Reached target Remote File Systems (Pre).
[[0;32m  OK  [0m] Reached target Remote File Systems.
[[0;32m  OK  [0m] Reached target System Initialization.
[[0;32m  OK  [0m] Started Daily apt download activities.
[[0;32m  OK  [0m] Listening on cloud-init hotplug hook socket.
         Starting Socket activation for snappy daemon.
[[0;32m  OK  [0m] Started ACPI Events Check.
[[0;32m  OK  [0m] Reached target Paths.
[[0;32m  OK  [0m] Started Discard unused blocks once a week.
[[0;32m  OK  [0m] Listening on ACPID Listen Socket.
[[0;32m  OK  [0m] Started Ubuntu Advantage Timer for running repeated jobs.
[[0;32m  OK  [0m] Started Message of the Day.
[[0;32m  OK  [0m] Started Daily Cleanup of Temporary Directories.
[[0;32m  OK  [0m] Listening on UUID daemon activation socket.
[[0;32m  OK  [0m] Listening on D-Bus System Message Bus Socket.
[[0;32m  OK  [0m] Listening on Open-iSCSI iscsid Socket.
         Starting LXD - unix socket.
[[0;32m  OK  [0m] Started Daily apt upgrade and clean activities.
[[0;32m  OK  [0m] Reached target Timers.
[[0;32m  OK  [0m] Started Availability of block devices.
[[0;32m  OK  [0m] Listening on Socket activation for snappy daemon.
[[0;32m  OK  [0m] Listening on LXD - unix socket.
[[0;32m  OK  [0m] Reached target Sockets.
[[0;32m  OK  [0m] Reached target Basic System.
[[0;32m  OK  [0m] Started Deferred execution scheduler.
[[0;32m  OK  [0m] Started Regular background program processing daemon.
         Starting LSB: automatic crash report generation...
         Starting Permit User Sessions...
         Starting Login Service...
         Starting Pollinate to seed the pseudo random number generator...
         Starting Dispatcher daemon for systemd-networkd...
[[0;32m  OK  [0m] Started D-Bus System Message Bus.
[[0;32m  OK  [0m] Started Login Service.
[[0;32m  OK  [0m] Started Unattended Upgrades Shutdown.
         Starting LSB: Record successful boot for GRUB...
[[0;32m  OK  [0m] Started FUSE filesystem for LXC.
         Starting LXD - container startup/shutdown...
[[0;32m  OK  [0m] Started irqbalance daemon.
         Starting Accounts Service...
[[0;32m  OK  [0m] Reached target Login Prompts (Pre).
         Starting System Logging Service...
         Starting Virtualbox guest utils...
         Starting Snap Daemon...
[[0;32m  OK  [0m] Started Permit User Sessions.
[[0;32m  OK  [0m] Started System Logging Service.
[[0;32m  OK  [0m] Started LSB: automatic crash report generation.
[[0;32m  OK  [0m] Started LXD - container startup/shutdown.
         Starting Authorization Manager...
         Starting Hostname Service...
         Starting Hold until boot process finishes up...
         Starting Terminate Plymouth Boot Screen...
[[0;32m  OK  [0m] Started Hold until boot process finishes up.
[[0;32m  OK  [0m] Started Serial Getty on ttyS0.
         Starting Set console scheme...
[[0;32m  OK  [0m] Started Terminate Plymouth Boot Screen.
[[0;32m  OK  [0m] Started LSB: Record successful boot for GRUB.
[[0;32m  OK  [0m] Started Set console scheme.
[[0;32m  OK  [0m] Created slice system-getty.slice.
[[0;32m  OK  [0m] Started Getty on tty1.
[[0;32m  OK  [0m] Reached target Login Prompts.
[[0;32m  OK  [0m] Started Authorization Manager.
[[0;32m  OK  [0m] Started Accounts Service.
[[0;32m  OK  [0m] Started Hostname Service.
[[0;32m  OK  [0m] Started Dispatcher daemon for systemd-networkd.
[[0;32m  OK  [0m] Started Virtualbox guest utils.
[[0;32m  OK  [0m] Started Snap Daemon.
         Starting Wait until snapd is fully seeded...
         Starting Time & Date Service...
[[0;32m  OK  [0m] Started Time & Date Service.
[[0;32m  OK  [0m] Started Pollinate to seed the pseudo random number generator.
         Starting OpenBSD Secure Shell server...
[[0;32m  OK  [0m] Started OpenBSD Secure Shell server.
[[0;32m  OK  [0m] Created slice User Slice of vagrant.
         Starting User Manager for UID 1000...
[[0;32m  OK  [0m] Started Session 1 of user vagrant.
[[0;32m  OK  [0m] Started User Manager for UID 1000.
[[0;32m  OK  [0m] Started Wait until snapd is fully seeded.
         Starting Apply the settings specified in cloud-config...
[   17.247743] cloud-init[1784]: Cloud-init v. 23.1.2-0ubuntu0~18.04.1 running 'modules:config' at Fri, 04 Apr 2025 10:57:37 +0000. Up 16.89 seconds.
ci-info: no authorized SSH keys fingerprints found for user ubuntu.
<14>Apr  4 10:57:38 cloud-init: #############################################################
<14>Apr  4 10:57:38 cloud-init: -----BEGIN SSH HOST KEY FINGERPRINTS-----
<14>Apr  4 10:57:38 cloud-init: 1024 SHA256:ck3g1K6R6UQ9M5vXeKdIGc58iSMT+SdMR3uwp5ZJ2ww root@ubuntu-bionic (DSA)
<14>Apr  4 10:57:38 cloud-init: 256 SHA256:mHJb24g4UmA0sCAbrRCF+4qBxuqnsQC29QGtXjsslEg root@ubuntu-bionic (ECDSA)
<14>Apr  4 10:57:38 cloud-init: 256 SHA256:Kv1DvBpBJz/uc2sA4ostJwdz68/9jNL8kKXJOxa+GSg root@ubuntu-bionic (ED25519)
<14>Apr  4 10:57:38 cloud-init: 2048 SHA256:FJgdnBcjPznH70gHJ/a3h7M3XoG/AXZTKhQSd9p0OjE root@ubuntu-bionic (RSA)
<14>Apr  4 10:57:38 cloud-init: -----END SSH HOST KEY FINGERPRINTS-----
<14>Apr  4 10:57:38 cloud-init: #############################################################
-----BEGIN SSH HOST KEY KEYS-----
ecdsa-sha2-nistp256 AAAAE2VjZHNhLXNoYTItbmlzdHAyNTYAAAAIbmlzdHAyNTYAAABBBHsSf+Nx44CkbiQ1ssCo4/oXiXu1DueyA21Scx2qILdZT85Om8LgOuvvNsUZUEkkQL+tMnzBFHN6p5nKGfDENb0= root@ubuntu-bionic
ssh-ed25519 AAAAC3NzaC1lZDI1NTE5AAAAIKOcCOfX0Fen5Pa4/8X2mrXnsqF6lmqBTsRPuJVKTIZ+ root@ubuntu-bionic
ssh-rsa AAAAB3NzaC1yc2EAAAADAQABAAABAQCxhK4mANPM3yWM9/LsmotyOyU8YwdLxRaasr/pSvl1ulE+5uFwpUnKJobLaUZ4ZAKu221IIUccNHakea7aZzAq5cIeTTsNzTzcg7tJ3nIchI0HVJbXnusn9VHQaFk8SxBeU73k/RZZYdiMnHUUmgrhlde5h2BN6+aMTG5lRr9jkyGri2GGZCYsvl1jzgL/4C5uUJF8UwxfEbSSWJPR9vCBo6hTwFa9s1p8xVmtHZqeIs4g2zK7pF5IPkRn2VR4ktSEdVn0kZ1gc2muV4cBXeU3kHKgv+NUxtn++HJYgxr+2rYFaJpaIJDu6ltADSId4ab+DFauRSeIlwQbS5l45K5Z root@ubuntu-bionic
-----END SSH HOST KEY KEYS-----
[   17.859203] cloud-init[1919]: Cloud-init v. 23.1.2-0ubuntu0~18.04.1 running 'modules:final' at Fri, 04 Apr 2025 10:57:38 +0000. Up 17.66 seconds.
[   17.861064] cloud-init[1919]: Cloud-init v. 23.1.2-0ubuntu0~18.04.1 finished at Fri, 04 Apr 2025 10:57:38 +0000. Datasource DataSourceNoCloud [seed=/dev/sdb][dsmode=net].  Up 17.84 seconds

Ubuntu 18.04.6 LTS ubuntu-bionic ttyS0

ubuntu-bionic login: [[0;32m  OK  [0m] Stopped Unattended Upgrades Shutdown.
[[0;32m  OK  [0m] Stopped target Cloud-init target.
         Stopping User Manager for UID 1000...
         Stopping Session 19 of user vagrant.
[[0;32m  OK  [0m] Stopped target Host and Network Name Lookups.
         Stopping Authorization Manager...
[[0;32m  OK  [0m] Stopped target Timers.
[[0;32m  OK  [0m] Stopped Message of the Day.
[[0;32m  OK  [0m] Stopped Daily Cleanup of Temporary Directories.
[[0;32m  OK  [0m] Stopped target Graphical Interface.
         Stopping Accounts Service...
         Stopping Availability of block devices...
[[0;32m  OK  [0m] Closed Load/Save RF Kill Switch Status /dev/rfkill Watch.
[[0;32m  OK  [0m] Stopped Discard unused blocks once a week.
[[0;32m  OK  [0m] Stopped Daily apt upgrade and clean activities.
[[0;32m  OK  [0m] Stopped Execute cloud user/final scripts.
[[0;32m  OK  [0m] Stopped target Multi-User System.
         Stopping Regular background program processing daemon...
         Stopping OpenBSD Secure Shell server...
         Stopping Dispatcher daemon for systemd-networkd...
         Stopping LSB: automatic crash report generation...
         Stopping Virtualbox guest utils...
[[0;32m  OK  [0m] Stopped target Login Prompts.
         Stopping Serial Getty on ttyS0...
         Stopping FUSE filesystem for LXC...
[[0;32m  OK  [0m] Stopped Apply the settings specified in cloud-config.
[[0;32m  OK  [0m] Stopped Wait until snapd is fully seeded.
         Stopping LSB: Record successful boot for GRUB...
[[0;32m  OK  [0m] Stopped Ubuntu Advantage Timer for running repeated jobs.
[[0;32m  OK  [0m] Stopped target Cloud-config availability.
         Stopping Deferred execution scheduler...
         Stopping System Logging Service...
         Stopping irqbalance daemon...
         Stopping D-Bus System Message Bus...
[[0;32m  OK  [0m] Stopped Daily apt download activities.
[[0;32m  OK  [0m] Stopped target System Time Synchronized.
         Stopping Getty on tty1...
         Stopping LXD - container startup/shutdown...
[[0;32m  OK  [0m] Unmounted /var/lib/lxcfs.
[[0;32m  OK  [0m] Stopped Deferred execution scheduler.
[[0;32m  OK  [0m] Stopped Regular background program processing daemon.
[[0;32m  OK  [0m] Stopped Dispatcher daemon for systemd-networkd.
[[0;32m  OK  [0m] Stopped irqbalance daemon.
[[0;32m  OK  [0m] Stopped Accounts Service.
[[0;32m  OK  [0m] Stopped System Logging Service.
[[0;32m  OK  [0m] Stopped Authorization Manager.
[[0;32m  OK  [0m] Stopped Serial Getty on ttyS0.
[[0;32m  OK  [0m] Stopped Getty on tty1.
[[0;32m  OK  [0m] Stopped OpenBSD Secure Shell server.
[[0;32m  OK  [0m] Stopped User Manager for UID 1000.
[[0;32m  OK  [0m] Stopped Availability of block devices.
[[0;32m  OK  [0m] Stopped D-Bus System Message Bus.
[[0;32m  OK  [0m] Stopped FUSE filesystem for LXC.
[[0;32m  OK  [0m] Stopped Session 19 of user vagrant.
[[0;32m  OK  [0m] Removed slice User Slice of vagrant.
         Stopping Login Service...
[[0;32m  OK  [0m] Removed slice system-getty.slice.
[[0;32m  OK  [0m] Removed slice system-serial\x2dgetty.slice.
[[0;32m  OK  [0m] Stopped target Login Prompts (Pre).
         Stopping Permit User Sessions...
[[0;32m  OK  [0m] Stopped LSB: automatic crash report generation.
[[0;32m  OK  [0m] Stopped LSB: Record successful boot for GRUB.
[[0;32m  OK  [0m] Stopped Virtualbox guest utils.
[[0;32m  OK  [0m] Stopped LXD - container startup/shutdown.
[[0;32m  OK  [0m] Stopped Permit User Sessions.
[[0;32m  OK  [0m] Stopped Login Service.
[[0;32m  OK  [0m] Stopped target User and Group Name Lookups.
[[0;32m  OK  [0m] Stopped target Remote File Systems.
[[0;32m  OK  [0m] Stopped target Basic System.
[[0;32m  OK  [0m] Stopped target Slices.
[[0;32m  OK  [0m] Removed slice User and Session Slice.
[[0;32m  OK  [0m] Stopped target Paths.
[[0;32m  OK  [0m] Stopped ACPI Events Check.
[[0;32m  OK  [0m] Stopped target Sockets.
[[0;32m  OK  [0m] Closed cloud-init hotplug hook socket.
[[0;32m  OK  [0m] Closed LXD - unix socket.
[[0;32m  OK  [0m] Closed Open-iSCSI iscsid Socket.
[[0;32m  OK  [0m] Closed D-Bus System Message Bus Socket.
[[0;32m  OK  [0m] Closed Syslog Socket.
[[0;32m  OK  [0m] Closed Socket activation for snappy daemon.
[[0;32m  OK  [0m] Closed ACPID Listen Socket.
[[0;32m  OK  [0m] Closed UUID daemon activation socket.
[[0;32m  OK  [0m] Stopped target System Initialization.
         Stopping Update UTMP about System Boot/Shutdown...
         Stopping Load/Save Random Seed...
[[0;32m  OK  [0m] Stopped Commit a transient machine-id on disk.
[[0;32m  OK  [0m] Stopped target Local Encrypted Volumes.
[[0;32m  OK  [0m] Stopped Forward Password Requests to Wall Directory Watch.
[[0;32m  OK  [0m] Stopped Dispatch Password Requests to Console Directory Watch.
[[0;32m  OK  [0m] Stopped Load/Save Random Seed.
[[0;32m  OK  [0m] Stopped Update UTMP about System Boot/Shutdown.
[[0;32m  OK  [0m] Stopped Create Volatile Files and Directories.
[[0;32m  OK  [0m] Stopped target Local File Systems.
         Unmounting /run/user/1000...
[[0;32m  OK  [0m] Stopped target Mounted snaps.
[[0;32m  OK  [0m] Stopped target Mounting snaps.
         Unmounting /vagrant...
[[0;32m  OK  [0m] Unmounted /run/user/1000.
[[0;32m  OK  [0m] Stopped target Swap.
[[0;32m  OK  [0m] Unmounted /vagrant.
[[0;32m  OK  [0m] Reached target Unmount All Filesystems.
[[0;32m  OK  [0m] Stopped target Network is Online.
[[0;32m  OK  [0m] Stopped Initial cloud-init job (metadata service crawler).
[[0;32m  OK  [0m] Stopped target Local File Systems (Pre).
         Stopping Monitoring of LVM2 mirrors…ng dmeventd or progress polling...
[[0;32m  OK  [0m] Stopped Create Static Device Nodes in /dev.
[[0;32m  OK  [0m] Stopped target Remote File Systems (Pre).
[[0;32m  OK  [0m] Stopped target Network.
         Stopping Network Service...
[[0;32m  OK  [0m] Stopped Monitoring of LVM2 mirrors,…sing dmeventd or progress polling.
         Stopping LVM2 metadata daemon...
[[0;32m  OK  [0m] Stopped LVM2 metadata daemon.
[[0;32m  OK  [0m] Stopped Network Service.
[[0;32m  OK  [0m] Stopped target Network (Pre).
[[0;32m  OK  [0m] Stopped Initial cloud-init job (pre-networking).
[[0;32m  OK  [0m] Stopped Remount Root and Kernel File Systems.
[[0;32m  OK  [0m] Stopped Apply Kernel Variables.
[[0;32m  OK  [0m] Stopped Load Kernel Modules.
[[0;32m  OK  [0m] Reached target Shutdown.
[[0;32m  OK  [0m] Reached target Final Step.
         Starting Power-Off...
[ 6675.722376] reboot: Power down
